<?xml version="1.0" encoding="UTF-8"?>
<!-- Generated by org.testng.reporters.JUnitReportReporter -->
<testsuite hostname="DESKTOP-9R5J52G" failures="0" tests="2" name="ui.AnnotationsLoginTest" time="0.003" errors="0" timestamp="2024-02-21T18:14:05 IST" skipped="0">
  <testcase classname="ui.AnnotationsLoginTest" name="loginTest" time="0.003"/>
  <system-out/>
  <testcase classname="ui.AnnotationsLoginTest" name="logoutTest" time="0.000"/>
  <system-out/>
</testsuite> <!-- ui.AnnotationsLoginTest -->
