<?xml version="1.0" encoding="UTF-8"?>
<!-- Generated by org.testng.reporters.JUnitReportReporter -->
<testsuite hostname="DESKTOP-9R5J52G" failures="0" tests="1" name="ui.csvFileReading" time="0.012" errors="0" timestamp="2024-03-01T13:51:54 IST" skipped="0">
  <testcase classname="ui.csvFileReading" name="readCSV" time="0.012"/>
  <system-out/>
</testsuite> <!-- ui.csvFileReading -->
