<?xml version="1.0" encoding="UTF-8"?>
<!-- Generated by org.testng.reporters.JUnitReportReporter -->
<testsuite hostname="DESKTOP-9R5J52G" failures="0" tests="2" name="ui.LoginTest" time="0.006" errors="0" timestamp="2024-02-21T17:44:54 IST" skipped="0">
  <testcase classname="ui.LoginTest" name="loginTest" time="0.005"/>
  <system-out/>
  <testcase classname="ui.LoginTest" name="logoutTest" time="0.001"/>
  <system-out/>
</testsuite> <!-- ui.LoginTest -->
