<?xml version="1.0" encoding="UTF-8"?>
<!-- Generated by org.testng.reporters.JUnitReportReporter -->
<testsuite hostname="DESKTOP-9R5J52G" failures="0" tests="3" name="ui.TestNGAnnotations" time="0.029" errors="0" timestamp="2024-02-22T17:31:31 IST" skipped="0">
  <testcase classname="ui.TestNGAnnotations" name="methode3" time="0.004"/>
  <system-out/>
  <testcase classname="ui.TestNGAnnotations" name="methode2" time="0.005"/>
  <system-out/>
  <testcase classname="ui.TestNGAnnotations" name="methode1" time="0.020"/>
  <system-out/>
</testsuite> <!-- ui.TestNGAnnotations -->
