<?xml version="1.0" encoding="UTF-8"?>
<!-- Generated by org.testng.reporters.JUnitReportReporter -->
<testsuite hostname="DESKTOP-9R5J52G" failures="0" tests="2" name="ui.BeforeAfterMethod" time="0.008" errors="0" timestamp="2024-02-21T18:22:47 IST" skipped="0">
  <testcase classname="ui.BeforeAfterMethod" name="logoutTest" time="0.006"/>
  <system-out/>
  <testcase classname="ui.BeforeAfterMethod" name="loginTest" time="0.002"/>
  <system-out/>
</testsuite> <!-- ui.BeforeAfterMethod -->
