<?xml version="1.0" encoding="UTF-8"?>
<!-- Generated by org.testng.reporters.JUnitReportReporter -->
<testsuite hostname="DESKTOP-9R5J52G" failures="0" tests="2" name="ui.TestngClass" time="0.009" errors="0" timestamp="2024-02-29T17:31:10 IST" skipped="0">
  <testcase classname="ui.TestngClass" name="testMethod2" time="0.002"/>
  <system-out/>
  <testcase classname="ui.TestngClass" name="testMethod1" time="0.007"/>
  <system-out/>
</testsuite> <!-- ui.TestngClass -->
